<?xml version="1.0" encoding="UTF-8"?>
<!-- Generated by org.testng.reporters.JUnitReportReporter -->
<testsuite hostname="RkReddy3" name="orangeHRM.Testcases.Homepagetest" tests="3" failures="0" timestamp="25 Mar 2020 09:07:28 GMT" time="59.442" errors="0">
  <testcase name="verifyPIMtest" time="17.822" classname="orangeHRM.Testcases.Homepagetest"/>
  <testcase name="verifyhomepagetittleTest" time="17.071" classname="orangeHRM.Testcases.Homepagetest"/>
  <testcase name="addemplyclicktest" time="24.549" classname="orangeHRM.Testcases.Homepagetest"/>
</testsuite> <!-- orangeHRM.Testcases.Homepagetest -->
