<?xml version="1.0" encoding="UTF-8"?>
<!-- Generated by org.testng.reporters.JUnitReportReporter -->
<testsuite hostname="RkReddy3" name="orangeHRM.Testcases.AddEmpDataDrivenApproachTest" tests="1" failures="0" timestamp="21 Mar 2020 10:07:51 GMT" time="28.973" errors="0">
  <testcase name="simple" time="28.973" classname="orangeHRM.Testcases.AddEmpDataDrivenApproachTest"/>
</testsuite> <!-- orangeHRM.Testcases.AddEmpDataDrivenApproachTest -->
