<?xml version="1.0" encoding="UTF-8"?>
<!-- Generated by org.testng.reporters.JUnitReportReporter -->
<testsuite hostname="RkReddy3" name="orangeHRM.Testcases.SimpleTest" tests="1" failures="0" timestamp="28 Mar 2020 17:08:52 GMT" time="0.016" errors="0">
  <testcase name="demo4j" time="0.016" classname="orangeHRM.Testcases.SimpleTest"/>
</testsuite> <!-- orangeHRM.Testcases.SimpleTest -->
