<?xml version="1.0" encoding="UTF-8"?>
<!-- Generated by org.testng.reporters.JUnitReportReporter -->
<testsuite hostname="RkReddy3" name="orangeHRM.Testcases.Employeelisttest" tests="1" failures="0" timestamp="20 Mar 2020 14:50:47 GMT" time="46.207" errors="0">
  <testcase name="verifyemployeeinfotest" time="46.207" classname="orangeHRM.Testcases.Employeelisttest"/>
</testsuite> <!-- orangeHRM.Testcases.Employeelisttest -->
