<?xml version="1.0" encoding="UTF-8"?>
<!-- Generated by org.testng.reporters.JUnitReportReporter -->
<testsuite hostname="RkReddy3" name="orangeHRM.Testcases.Data_Driven_Test" tests="1" failures="0" timestamp="24 Mar 2020 16:52:04 GMT" time="28.368" errors="0">
  <testcase name="addempdetails" time="28.368" classname="orangeHRM.Testcases.Data_Driven_Test"/>
</testsuite> <!-- orangeHRM.Testcases.Data_Driven_Test -->
