<?xml version="1.0" encoding="UTF-8"?>
<!-- Generated by org.testng.reporters.JUnitReportReporter -->
<testsuite hostname="RkReddy3" name="orangeHRM.Testcases.deletesimpleemploeforpractice" tests="1" failures="0" timestamp="20 Mar 2020 14:54:32 GMT" time="20.808" errors="0">
  <testcase name="simpledelete" time="20.808" classname="orangeHRM.Testcases.deletesimpleemploeforpractice"/>
</testsuite> <!-- orangeHRM.Testcases.deletesimpleemploeforpractice -->
