<?xml version="1.0" encoding="UTF-8"?>
<!-- Generated by org.testng.reporters.JUnitReportReporter -->
<testsuite hostname="RkReddy3" name="orangeHRM.Testcases.EmpdeleteTest" tests="1" failures="0" timestamp="24 Mar 2020 16:52:04 GMT" time="50.816" errors="0">
  <testcase name="deleteemployeetest" time="50.816" classname="orangeHRM.Testcases.EmpdeleteTest"/>
</testsuite> <!-- orangeHRM.Testcases.EmpdeleteTest -->
